features/tailormade_face_swap/build/intermediates/manifest_merge_blame_file/debug/manifest-merger-blame-debug-report.txt
1<?xml version="1.0" encoding="utf-8"?>
2<manifest xmlns:android="http://schemas.android.com/apk/res/android"
3    xmlns:dist="http://schemas.android.com/apk/distribution"
4    featureSplit="tailormade_face_swap"
5    package="com.future.tailormade"
6    android:versionCode="1"
7    android:versionName="1.0" >
8
9    <uses-sdk
10        android:minSdkVersion="23"
10-->src\main\AndroidManifest.xml
11        android:targetSdkVersion="30" />
11-->src\main\AndroidManifest.xml
12
13    <dist:module
13-->src\main\AndroidManifest.xml:6:5-14:19
14        dist:instant="false"
14-->src\main\AndroidManifest.xml:7:9-29
15        dist:title="@string/title_tailormade_face_swap" >
15-->src\main\AndroidManifest.xml:8:9-56
16        <dist:delivery>
16-->src\main\AndroidManifest.xml:9:9-11:25
17            <dist:on-demand />
17-->src\main\AndroidManifest.xml:10:13-31
18        </dist:delivery>
19
20        <dist:fusing dist:include="true" />
20-->src\main\AndroidManifest.xml:13:9-44
20-->src\main\AndroidManifest.xml:13:22-41
21    </dist:module>
22
23    <application
23-->src\main\AndroidManifest.xml:16:5-24:19
24        android:allowBackup="true"
24-->[:libraries:dlib] AndroidManifest.xml:12:9-35
25        android:debuggable="true"
26        android:extractNativeLibs="false"
27        android:label="@string/app_name"
27-->[:libraries:dlib] AndroidManifest.xml:13:9-41
28        android:supportsRtl="true"
28-->[:libraries:dlib] AndroidManifest.xml:14:9-35
29        android:theme="@style/Theme.TailorMade" >
29-->src\main\AndroidManifest.xml:16:18-57
30        <activity
30-->src\main\AndroidManifest.xml:17:9-23:20
31            android:name="com.future.tailormade_face_swap.view.FaceSwapActivity"
31-->src\main\AndroidManifest.xml:17:19-56
32            android:splitName="tailormade_face_swap" >
33            <intent-filter>
33-->src\main\AndroidManifest.xml:18:13-22:29
34                <action android:name="android.intent.action.VIEW" />
34-->src\main\AndroidManifest.xml:19:17-69
34-->src\main\AndroidManifest.xml:19:25-66
35                <action android:name="com.future.tailormade.faceSwap.open" />
35-->src\main\AndroidManifest.xml:20:17-78
35-->src\main\AndroidManifest.xml:20:25-75
36
37                <category android:name="android.intent.category.DEFAULT" />
37-->src\main\AndroidManifest.xml:21:17-76
37-->src\main\AndroidManifest.xml:21:27-73
38            </intent-filter>
39        </activity>
40    </application>
41
42</manifest>